# JRE version: OpenJDK Runtime Environment (11.0.16+8) (build 11.0.16+8-post-Ubuntu-0ubuntu120.04)
# Java VM: OpenJDK 64-Bit Server VM (11.0.16+8-post-Ubuntu-0ubuntu120.04, mixed mode, sharing, tiered, compressed oops, g1 gc, linux-amd64)
Heap:
 garbage-first heap   total 520192K, used 221468K [0x0000000609e00000, 0x0000000800000000)
  region size 2048K, 27 young (55296K), 2 survivors (4096K)
 Metaspace       used 34429K, capacity 35533K, committed 35840K, reserved 1081344K
  class space    used 4410K, capacity 4856K, committed 4864K, reserved 1048576K
GC Heap History (20 events):
Event: 0.472 GC heap before
{Heap before GC invocations=0 (full 0):
 garbage-first heap   total 520192K, used 23244K [0x0000000609e00000, 0x0000000800000000)
  region size 2048K, 12 young (24576K), 0 survivors (0K)
 Metaspace       used 5748K, capacity 8108K, committed 8192K, reserved 1056768K
  class space    used 732K, capacity 986K, committed 1024K, reserved 1048576K
}
Event: 0.485 GC heap after
{Heap after GC invocations=1 (full 0):
 garbage-first heap   total 520192K, used 5977K [0x0000000609e00000, 0x0000000800000000)
  region size 2048K, 2 young (4096K), 2 survivors (4096K)
 Metaspace       used 5748K, capacity 8108K, committed 8192K, reserved 1056768K
  class space    used 732K, capacity 986K, committed 1024K, reserved 1048576K
}
Event: 1.466 GC heap before
{Heap before GC invocations=1 (full 0):
 garbage-first heap   total 520192K, used 89945K [0x0000000609e00000, 0x0000000800000000)
  region size 2048K, 44 young (90112K), 2 survivors (4096K)
 Metaspace       used 20385K, capacity 21034K, committed 21248K, reserved 1067008K
  class space    used 2560K, capacity 2802K, committed 2816K, reserved 1048576K
}
Event: 1.477 GC heap after
{Heap after GC invocations=2 (full 0):
 garbage-first heap   total 520192K, used 9800K [0x0000000609e00000, 0x0000000800000000)
  region size 2048K, 4 young (8192K), 4 survivors (8192K)
 Metaspace       used 20385K, capacity 21034K, committed 21248K, reserved 1067008K
  class space    used 2560K, capacity 2802K, committed 2816K, reserved 1048576K
}
Event: 24.503 GC heap before
{Heap before GC invocations=3 (full 0):
 garbage-first heap   total 520192K, used 99912K [0x0000000609e00000, 0x0000000800000000)
  region size 2048K, 48 young (98304K), 4 survivors (8192K)
 Metaspace       used 33455K, capacity 34471K, committed 34688K, reserved 1079296K
  class space    used 4268K, capacity 4694K, committed 4736K, reserved 1048576K
}
Event: 24.564 GC heap after
{Heap after GC invocations=4 (full 0):
 garbage-first heap   total 520192K, used 26847K [0x0000000609e00000, 0x0000000800000000)
  region size 2048K, 6 young (12288K), 6 survivors (12288K)
 Metaspace       used 33455K, capacity 34471K, committed 34688K, reserved 1079296K
  class space    used 4268K, capacity 4694K, committed 4736K, reserved 1048576K
}
Event: 24.817 GC heap before
{Heap before GC invocations=4 (full 0):
 garbage-first heap   total 520192K, used 127199K [0x0000000609e00000, 0x0000000800000000)
  region size 2048K, 55 young (112640K), 6 survivors (12288K)
 Metaspace       used 33803K, capacity 34919K, committed 35328K, reserved 1079296K
  class space    used 4314K, capacity 4758K, committed 4864K, reserved 1048576K
}
Event: 25.129 GC heap after
{Heap after GC invocations=5 (full 0):
 garbage-first heap   total 520192K, used 111735K [0x0000000609e00000, 0x0000000800000000)
  region size 2048K, 7 young (14336K), 7 survivors (14336K)
 Metaspace       used 33803K, capacity 34919K, committed 35328K, reserved 1079296K
  class space    used 4314K, capacity 4758K, committed 4864K, reserved 1048576K
}
Event: 25.399 GC heap before
{Heap before GC invocations=5 (full 0):
 garbage-first heap   total 520192K, used 177271K [0x0000000609e00000, 0x0000000800000000)
  region size 2048K, 39 young (79872K), 7 survivors (14336K)
 Metaspace       used 33806K, capacity 34919K, committed 35328K, reserved 1079296K
  class space    used 4314K, capacity 4758K, committed 4864K, reserved 1048576K
}
Event: 25.421 GC heap after
{Heap after GC invocations=6 (full 0):
 garbage-first heap   total 520192K, used 143052K [0x0000000609e00000, 0x0000000800000000)
  region size 2048K, 5 young (10240K), 5 survivors (10240K)
 Metaspace       used 33806K, capacity 34919K, committed 35328K, reserved 1079296K
  class space    used 4314K, capacity 4758K, committed 4864K, reserved 1048576K
}
Event: 25.485 GC heap before
{Heap before GC invocations=6 (full 0):
 garbage-first heap   total 520192K, used 157388K [0x0000000609e00000, 0x0000000800000000)
  region size 2048K, 12 young (24576K), 5 survivors (10240K)
 Metaspace       used 33806K, capacity 34919K, committed 35328K, reserved 1079296K
  class space    used 4314K, capacity 4758K, committed 4864K, reserved 1048576K
}
Event: 25.502 GC heap after
{Heap after GC invocations=7 (full 0):
 garbage-first heap   total 520192K, used 152268K [0x0000000609e00000, 0x0000000800000000)
  region size 2048K, 2 young (4096K), 2 survivors (4096K)
 Metaspace       used 33806K, capacity 34919K, committed 35328K, reserved 1079296K
  class space    used 4314K, capacity 4758K, committed 4864K, reserved 1048576K
}
Event: 25.620 GC heap before
{Heap before GC invocations=7 (full 0):
 garbage-first heap   total 520192K, used 205516K [0x0000000609e00000, 0x0000000800000000)
  region size 2048K, 28 young (57344K), 2 survivors (4096K)
 Metaspace       used 34069K, capacity 35175K, committed 35584K, reserved 1079296K
  class space    used 4359K, capacity 4822K, committed 4864K, reserved 1048576K
}
Event: 25.644 GC heap after
{Heap after GC invocations=8 (full 0):
 garbage-first heap   total 520192K, used 168652K [0x0000000609e00000, 0x0000000800000000)
  region size 2048K, 4 young (8192K), 4 survivors (8192K)
 Metaspace       used 34069K, capacity 35175K, committed 35584K, reserved 1079296K
  class space    used 4359K, capacity 4822K, committed 4864K, reserved 1048576K
}
Event: 25.665 GC heap before
{Heap before GC invocations=8 (full 0):
 garbage-first heap   total 520192K, used 170700K [0x0000000609e00000, 0x0000000800000000)
  region size 2048K, 7 young (14336K), 4 survivors (8192K)
 Metaspace       used 34337K, capacity 35399K, committed 35584K, reserved 1079296K
  class space    used 4404K, capacity 4854K, committed 4864K, reserved 1048576K
}
Event: 25.684 GC heap after
{Heap after GC invocations=9 (full 0):
 garbage-first heap   total 520192K, used 171705K [0x0000000609e00000, 0x0000000800000000)
  region size 2048K, 1 young (2048K), 1 survivors (2048K)
 Metaspace       used 34337K, capacity 35399K, committed 35584K, reserved 1079296K
  class space    used 4404K, capacity 4854K, committed 4864K, reserved 1048576K
}
Event: 25.875 GC heap before
{Heap before GC invocations=10 (full 0):
 garbage-first heap   total 520192K, used 206521K [0x0000000609e00000, 0x0000000800000000)
  region size 2048K, 18 young (36864K), 1 survivors (2048K)
 Metaspace       used 34429K, capacity 35533K, committed 35840K, reserved 1081344K
  class space    used 4410K, capacity 4856K, committed 4864K, reserved 1048576K
}
Event: 25.888 GC heap after
{Heap after GC invocations=11 (full 0):
 garbage-first heap   total 520192K, used 171537K [0x0000000609e00000, 0x0000000800000000)
  region size 2048K, 1 young (2048K), 1 survivors (2048K)
 Metaspace       used 34429K, capacity 35533K, committed 35840K, reserved 1081344K
  class space    used 4410K, capacity 4856K, committed 4864K, reserved 1048576K
}
Event: 26.034 GC heap before
{Heap before GC invocations=11 (full 0):
 garbage-first heap   total 520192K, used 204305K [0x0000000609e00000, 0x0000000800000000)
  region size 2048K, 17 young (34816K), 1 survivors (2048K)
 Metaspace       used 34429K, capacity 35533K, committed 35840K, reserved 1081344K
  class space    used 4410K, capacity 4856K, committed 4864K, reserved 1048576K
}
Event: 26.049 GC heap after
{Heap after GC invocations=12 (full 0):
 garbage-first heap   total 520192K, used 172316K [0x0000000609e00000, 0x0000000800000000)
  region size 2048K, 2 young (4096K), 2 survivors (4096K)
 Metaspace       used 34429K, capacity 35533K, committed 35840K, reserved 1081344K
  class space    used 4410K, capacity 4856K, committed 4864K, reserved 1048576K
}

